1
Submitted batch job 23690193
/home/jh3226/processing_distances/montecarlo/fax_waveform
2
Submitted batch job 23690197
/home/jh3226/processing_distances/montecarlo/fax_waveform
3
Submitted batch job 23690199
/home/jh3226/processing_distances/montecarlo/fax_waveform
4
Submitted batch job 23690201
/home/jh3226/processing_distances/montecarlo/fax_waveform
5
Submitted batch job 23690203
/home/jh3226/processing_distances/montecarlo/fax_waveform
6
Submitted batch job 23690205
/home/jh3226/processing_distances/montecarlo/fax_waveform
7
Submitted batch job 23690208
/home/jh3226/processing_distances/montecarlo/fax_waveform
8
Submitted batch job 23690209
/home/jh3226/processing_distances/montecarlo/fax_waveform
9
Submitted batch job 23690212
/home/jh3226/processing_distances/montecarlo/fax_waveform
10
Submitted batch job 23690214
/home/jh3226/processing_distances/montecarlo/fax_waveform
11
Submitted batch job 23690216
/home/jh3226/processing_distances/montecarlo/fax_waveform
12
Submitted batch job 23690218
/home/jh3226/processing_distances/montecarlo/fax_waveform
13
Submitted batch job 23690221
/home/jh3226/processing_distances/montecarlo/fax_waveform
14
Submitted batch job 23690224
/home/jh3226/processing_distances/montecarlo/fax_waveform
15
Submitted batch job 23690226
/home/jh3226/processing_distances/montecarlo/fax_waveform
16
Submitted batch job 23690229
/home/jh3226/processing_distances/montecarlo/fax_waveform
17
Submitted batch job 23690232
/home/jh3226/processing_distances/montecarlo/fax_waveform
18
Submitted batch job 23690235
/home/jh3226/processing_distances/montecarlo/fax_waveform
19
Submitted batch job 23690237
/home/jh3226/processing_distances/montecarlo/fax_waveform
20
Submitted batch job 23690240
/home/jh3226/processing_distances/montecarlo/fax_waveform
21
Submitted batch job 23690243
/home/jh3226/processing_distances/montecarlo/fax_waveform
22
Submitted batch job 23690246
/home/jh3226/processing_distances/montecarlo/fax_waveform
23
Submitted batch job 23690249
/home/jh3226/processing_distances/montecarlo/fax_waveform
24
Submitted batch job 23690252
/home/jh3226/processing_distances/montecarlo/fax_waveform
25
Submitted batch job 23690254
/home/jh3226/processing_distances/montecarlo/fax_waveform
26
Submitted batch job 23690257
/home/jh3226/processing_distances/montecarlo/fax_waveform
27
Submitted batch job 23690260
/home/jh3226/processing_distances/montecarlo/fax_waveform
28
Submitted batch job 23690262
/home/jh3226/processing_distances/montecarlo/fax_waveform
29
Submitted batch job 23690264
/home/jh3226/processing_distances/montecarlo/fax_waveform
30
Submitted batch job 23690266
/home/jh3226/processing_distances/montecarlo/fax_waveform
31
Submitted batch job 23690268
/home/jh3226/processing_distances/montecarlo/fax_waveform
32
Submitted batch job 23690270
/home/jh3226/processing_distances/montecarlo/fax_waveform
33
Submitted batch job 23690272
/home/jh3226/processing_distances/montecarlo/fax_waveform
34
Submitted batch job 23690274
/home/jh3226/processing_distances/montecarlo/fax_waveform
35
Submitted batch job 23690277
/home/jh3226/processing_distances/montecarlo/fax_waveform
36
Submitted batch job 23690281
/home/jh3226/processing_distances/montecarlo/fax_waveform
37
Submitted batch job 23690283
/home/jh3226/processing_distances/montecarlo/fax_waveform
38
Submitted batch job 23690286
/home/jh3226/processing_distances/montecarlo/fax_waveform
39
Submitted batch job 23690288
/home/jh3226/processing_distances/montecarlo/fax_waveform
40
Submitted batch job 23690291
/home/jh3226/processing_distances/montecarlo/fax_waveform
41
Submitted batch job 23690294
/home/jh3226/processing_distances/montecarlo/fax_waveform
42
Submitted batch job 23690297
/home/jh3226/processing_distances/montecarlo/fax_waveform
43
Submitted batch job 23690300
/home/jh3226/processing_distances/montecarlo/fax_waveform
44
Submitted batch job 23690302
/home/jh3226/processing_distances/montecarlo/fax_waveform
45
Submitted batch job 23690305
/home/jh3226/processing_distances/montecarlo/fax_waveform
46
Submitted batch job 23690308
/home/jh3226/processing_distances/montecarlo/fax_waveform
47
Submitted batch job 23690311
/home/jh3226/processing_distances/montecarlo/fax_waveform
48
Submitted batch job 23690314
/home/jh3226/processing_distances/montecarlo/fax_waveform
49
Submitted batch job 23690316
/home/jh3226/processing_distances/montecarlo/fax_waveform
50
Submitted batch job 23690323
/home/jh3226/processing_distances/montecarlo/fax_waveform
51
Submitted batch job 23690326
/home/jh3226/processing_distances/montecarlo/fax_waveform
52
Submitted batch job 23690328
/home/jh3226/processing_distances/montecarlo/fax_waveform
53
Submitted batch job 23690330
/home/jh3226/processing_distances/montecarlo/fax_waveform
54
Submitted batch job 23690332
/home/jh3226/processing_distances/montecarlo/fax_waveform
55
Submitted batch job 23690334
/home/jh3226/processing_distances/montecarlo/fax_waveform
56
Submitted batch job 23690336
/home/jh3226/processing_distances/montecarlo/fax_waveform
57
Submitted batch job 23690338
/home/jh3226/processing_distances/montecarlo/fax_waveform
58
Submitted batch job 23690340
/home/jh3226/processing_distances/montecarlo/fax_waveform
59
Submitted batch job 23690342
/home/jh3226/processing_distances/montecarlo/fax_waveform
60
Submitted batch job 23690344
/home/jh3226/processing_distances/montecarlo/fax_waveform
61
Submitted batch job 23690346
/home/jh3226/processing_distances/montecarlo/fax_waveform
62
Submitted batch job 23690348
/home/jh3226/processing_distances/montecarlo/fax_waveform
63
Submitted batch job 23690350
/home/jh3226/processing_distances/montecarlo/fax_waveform
64
Submitted batch job 23690353
/home/jh3226/processing_distances/montecarlo/fax_waveform
65
Submitted batch job 23690356
/home/jh3226/processing_distances/montecarlo/fax_waveform
66
Submitted batch job 23690359
/home/jh3226/processing_distances/montecarlo/fax_waveform
67
Submitted batch job 23690361
/home/jh3226/processing_distances/montecarlo/fax_waveform
68
Submitted batch job 23690364
/home/jh3226/processing_distances/montecarlo/fax_waveform
69
Submitted batch job 23690367
/home/jh3226/processing_distances/montecarlo/fax_waveform
70
Submitted batch job 23690370
/home/jh3226/processing_distances/montecarlo/fax_waveform
71
Submitted batch job 23690373
/home/jh3226/processing_distances/montecarlo/fax_waveform
72
Submitted batch job 23690376
/home/jh3226/processing_distances/montecarlo/fax_waveform
73
Submitted batch job 23690379
/home/jh3226/processing_distances/montecarlo/fax_waveform
74
Submitted batch job 23690381
/home/jh3226/processing_distances/montecarlo/fax_waveform
75
Submitted batch job 23690387
/home/jh3226/processing_distances/montecarlo/fax_waveform
76
Submitted batch job 23690390
/home/jh3226/processing_distances/montecarlo/fax_waveform
77
Submitted batch job 23690394
/home/jh3226/processing_distances/montecarlo/fax_waveform
78
Submitted batch job 23690396
/home/jh3226/processing_distances/montecarlo/fax_waveform
79
Submitted batch job 23690398
/home/jh3226/processing_distances/montecarlo/fax_waveform
80
Submitted batch job 23690400
/home/jh3226/processing_distances/montecarlo/fax_waveform
81
Submitted batch job 23690402
/home/jh3226/processing_distances/montecarlo/fax_waveform
82
Submitted batch job 23690404
/home/jh3226/processing_distances/montecarlo/fax_waveform
83
Submitted batch job 23690405
/home/jh3226/processing_distances/montecarlo/fax_waveform
84
Submitted batch job 23690406
/home/jh3226/processing_distances/montecarlo/fax_waveform
85
Submitted batch job 23690407
/home/jh3226/processing_distances/montecarlo/fax_waveform
86
Submitted batch job 23690409
/home/jh3226/processing_distances/montecarlo/fax_waveform
87
Submitted batch job 23690410
/home/jh3226/processing_distances/montecarlo/fax_waveform
88
Submitted batch job 23690413
/home/jh3226/processing_distances/montecarlo/fax_waveform
89
Submitted batch job 23690416
/home/jh3226/processing_distances/montecarlo/fax_waveform
90
Submitted batch job 23690419
/home/jh3226/processing_distances/montecarlo/fax_waveform
91
Submitted batch job 23690422
/home/jh3226/processing_distances/montecarlo/fax_waveform
92
Submitted batch job 23690424
/home/jh3226/processing_distances/montecarlo/fax_waveform
93
Submitted batch job 23690427
/home/jh3226/processing_distances/montecarlo/fax_waveform
94
Submitted batch job 23690430
/home/jh3226/processing_distances/montecarlo/fax_waveform
95
Submitted batch job 23690433
/home/jh3226/processing_distances/montecarlo/fax_waveform
96
Submitted batch job 23690436
/home/jh3226/processing_distances/montecarlo/fax_waveform
97
Submitted batch job 23690439
/home/jh3226/processing_distances/montecarlo/fax_waveform
98
Submitted batch job 23690446
/home/jh3226/processing_distances/montecarlo/fax_waveform
99
Submitted batch job 23690449
/home/jh3226/processing_distances/montecarlo/fax_waveform
100
Submitted batch job 23690452
/home/jh3226/processing_distances/montecarlo/fax_waveform
/home/jh3226/processing_distances/montecarlo/fax_waveform
Current job running number 1
Current job running number 2
Current job running number 3
Current job running number 4
Current job running number 5
Current job running number 6
Current job running number 7
Current job running number 8
Current job running number 9
Current job running number 10
Current job running number 11
Current job running number 12
Current job running number 13
Current job running number 14
Current job running number 15
Current job running number 16
Current job running number 17
Current job running number 18
Current job running number 19
Current job running number 20
Current job running number 21
Current job running number 22
Current job running number 23
Current job running number 24
Current job running number 25
Current job running number 26
Current job running number 27
Current job running number 28
Current job running number 29
Current job running number 30
Current job running number 31
Current job running number 32
Current job running number 33
Current job running number 34
Current job running number 35
Current job running number 36
Current job running number 37
Current job running number 38
Current job running number 39
Current job running number 40
Current job running number 41
Current job running number 42
Current job running number 43
Current job running number 44
Current job running number 45
Current job running number 46
Current job running number 47
Current job running number 48
Current job running number 49
Current job running number 50
Current job running number 51
Current job running number 52
Current job running number 53
Current job running number 54
Current job running number 55
Current job running number 56
Current job running number 57
Current job running number 58
Current job running number 59
Current job running number 60
Current job running number 61
Current job running number 62
Current job running number 63
Current job running number 64
Current job running number 65
Current job running number 66
Current job running number 67
Current job running number 68
Current job running number 69
Current job running number 70
Current job running number 71
Current job running number 72
Current job running number 73
Current job running number 74
Current job running number 75
Current job running number 76
Current job running number 77
Current job running number 78
Current job running number 79
Current job running number 80
Current job running number 81
Current job running number 82
Current job running number 83
Current job running number 84
Current job running number 85
Current job running number 86
Current job running number 87
Current job running number 88
Current job running number 89
Current job running number 90
Current job running number 91
Current job running number 92
Current job running number 93
Current job running number 94
Current job running number 95
Current job running number 96
Current job running number 97
Current job running number 98
Current job running number 99
Current job running number 100
moving /project/lgrandi/jhowlett/170209_1500_distances_0/000000/FakeWaveform_XENON1T_000000_pax_Basics.root to basics minitree dir
moving /project/lgrandi/jhowlett/170209_1500_distances_0/000000/FakeWaveform_XENON1T_000000_pax_Fundamentals.root to processed minitree dir
moving /project/lgrandi/jhowlett/170209_1500_distances_0/000000/FakeWaveform_XENON1T_000000_pax.root to pax tree dir
moving /project/lgrandi/jhowlett/170209_1500_distances_0/000000/FakeWaveform_XENON1T_000000_truth.root to truth minitree dir
moving /project/lgrandi/jhowlett/170209_1500_distances_0/000001/FakeWaveform_XENON1T_000001_pax_Basics.root to basics minitree dir
moving /project/lgrandi/jhowlett/170209_1500_distances_0/000001/FakeWaveform_XENON1T_000001_pax_Fundamentals.root to processed minitree dir
moving /project/lgrandi/jhowlett/170209_1500_distances_0/000001/FakeWaveform_XENON1T_000001_pax.root to pax tree dir
moving /project/lgrandi/jhowlett/170209_1500_distances_0/000001/FakeWaveform_XENON1T_000001_truth.root to truth minitree dir
moving /project/lgrandi/jhowlett/170209_1500_distances_0/000002/FakeWaveform_XENON1T_000002_pax_Basics.root to basics minitree dir
moving /project/lgrandi/jhowlett/170209_1500_distances_0/000002/FakeWaveform_XENON1T_000002_pax_Fundamentals.root to processed minitree dir
moving /project/lgrandi/jhowlett/170209_1500_distances_0/000002/FakeWaveform_XENON1T_000002_pax.root to pax tree dir
moving /project/lgrandi/jhowlett/170209_1500_distances_0/000002/FakeWaveform_XENON1T_000002_truth.root to truth minitree dir
moving /project/lgrandi/jhowlett/170209_1500_distances_0/000003/FakeWaveform_XENON1T_000003_pax_Basics.root to basics minitree dir
moving /project/lgrandi/jhowlett/170209_1500_distances_0/000003/FakeWaveform_XENON1T_000003_pax_Fundamentals.root to processed minitree dir
moving /project/lgrandi/jhowlett/170209_1500_distances_0/000003/FakeWaveform_XENON1T_000003_pax.root to pax tree dir
moving /project/lgrandi/jhowlett/170209_1500_distances_0/000003/FakeWaveform_XENON1T_000003_truth.root to truth minitree dir
moving /project/lgrandi/jhowlett/170209_1500_distances_0/000004/FakeWaveform_XENON1T_000004_pax_Basics.root to basics minitree dir
moving /project/lgrandi/jhowlett/170209_1500_distances_0/000004/FakeWaveform_XENON1T_000004_pax_Fundamentals.root to processed minitree dir
moving /project/lgrandi/jhowlett/170209_1500_distances_0/000004/FakeWaveform_XENON1T_000004_pax.root to pax tree dir
moving /project/lgrandi/jhowlett/170209_1500_distances_0/000004/FakeWaveform_XENON1T_000004_truth.root to truth minitree dir
moving /project/lgrandi/jhowlett/170209_1500_distances_0/000005/FakeWaveform_XENON1T_000005_pax_Basics.root to basics minitree dir
moving /project/lgrandi/jhowlett/170209_1500_distances_0/000005/FakeWaveform_XENON1T_000005_pax_Fundamentals.root to processed minitree dir
moving /project/lgrandi/jhowlett/170209_1500_distances_0/000005/FakeWaveform_XENON1T_000005_pax.root to pax tree dir
moving /project/lgrandi/jhowlett/170209_1500_distances_0/000005/FakeWaveform_XENON1T_000005_truth.root to truth minitree dir
moving /project/lgrandi/jhowlett/170209_1500_distances_0/000006/FakeWaveform_XENON1T_000006_pax_Basics.root to basics minitree dir
moving /project/lgrandi/jhowlett/170209_1500_distances_0/000006/FakeWaveform_XENON1T_000006_pax_Fundamentals.root to processed minitree dir
moving /project/lgrandi/jhowlett/170209_1500_distances_0/000006/FakeWaveform_XENON1T_000006_pax.root to pax tree dir
moving /project/lgrandi/jhowlett/170209_1500_distances_0/000006/FakeWaveform_XENON1T_000006_truth.root to truth minitree dir
moving /project/lgrandi/jhowlett/170209_1500_distances_0/000007/FakeWaveform_XENON1T_000007_pax_Basics.root to basics minitree dir
moving /project/lgrandi/jhowlett/170209_1500_distances_0/000007/FakeWaveform_XENON1T_000007_pax_Fundamentals.root to processed minitree dir
moving /project/lgrandi/jhowlett/170209_1500_distances_0/000007/FakeWaveform_XENON1T_000007_pax.root to pax tree dir
moving /project/lgrandi/jhowlett/170209_1500_distances_0/000007/FakeWaveform_XENON1T_000007_truth.root to truth minitree dir
moving /project/lgrandi/jhowlett/170209_1500_distances_0/000008/FakeWaveform_XENON1T_000008_pax_Basics.root to basics minitree dir
moving /project/lgrandi/jhowlett/170209_1500_distances_0/000008/FakeWaveform_XENON1T_000008_pax_Fundamentals.root to processed minitree dir
moving /project/lgrandi/jhowlett/170209_1500_distances_0/000008/FakeWaveform_XENON1T_000008_pax.root to pax tree dir
moving /project/lgrandi/jhowlett/170209_1500_distances_0/000008/FakeWaveform_XENON1T_000008_truth.root to truth minitree dir
moving /project/lgrandi/jhowlett/170209_1500_distances_0/000009/FakeWaveform_XENON1T_000009_pax_Basics.root to basics minitree dir
moving /project/lgrandi/jhowlett/170209_1500_distances_0/000009/FakeWaveform_XENON1T_000009_pax_Fundamentals.root to processed minitree dir
moving /project/lgrandi/jhowlett/170209_1500_distances_0/000009/FakeWaveform_XENON1T_000009_pax.root to pax tree dir
moving /project/lgrandi/jhowlett/170209_1500_distances_0/000009/FakeWaveform_XENON1T_000009_truth.root to truth minitree dir
moving /project/lgrandi/jhowlett/170209_1500_distances_0/000010/FakeWaveform_XENON1T_000010_pax_Basics.root to basics minitree dir
moving /project/lgrandi/jhowlett/170209_1500_distances_0/000010/FakeWaveform_XENON1T_000010_pax_Fundamentals.root to processed minitree dir
moving /project/lgrandi/jhowlett/170209_1500_distances_0/000010/FakeWaveform_XENON1T_000010_pax.root to pax tree dir
moving /project/lgrandi/jhowlett/170209_1500_distances_0/000010/FakeWaveform_XENON1T_000010_truth.root to truth minitree dir
moving /project/lgrandi/jhowlett/170209_1500_distances_0/000011/FakeWaveform_XENON1T_000011_pax_Basics.root to basics minitree dir
moving /project/lgrandi/jhowlett/170209_1500_distances_0/000011/FakeWaveform_XENON1T_000011_pax_Fundamentals.root to processed minitree dir
moving /project/lgrandi/jhowlett/170209_1500_distances_0/000011/FakeWaveform_XENON1T_000011_pax.root to pax tree dir
moving /project/lgrandi/jhowlett/170209_1500_distances_0/000011/FakeWaveform_XENON1T_000011_truth.root to truth minitree dir
moving /project/lgrandi/jhowlett/170209_1500_distances_0/000012/FakeWaveform_XENON1T_000012_pax_Basics.root to basics minitree dir
moving /project/lgrandi/jhowlett/170209_1500_distances_0/000012/FakeWaveform_XENON1T_000012_pax_Fundamentals.root to processed minitree dir
moving /project/lgrandi/jhowlett/170209_1500_distances_0/000012/FakeWaveform_XENON1T_000012_pax.root to pax tree dir
moving /project/lgrandi/jhowlett/170209_1500_distances_0/000012/FakeWaveform_XENON1T_000012_truth.root to truth minitree dir
moving /project/lgrandi/jhowlett/170209_1500_distances_0/000013/FakeWaveform_XENON1T_000013_pax_Basics.root to basics minitree dir
moving /project/lgrandi/jhowlett/170209_1500_distances_0/000013/FakeWaveform_XENON1T_000013_pax_Fundamentals.root to processed minitree dir
moving /project/lgrandi/jhowlett/170209_1500_distances_0/000013/FakeWaveform_XENON1T_000013_pax.root to pax tree dir
moving /project/lgrandi/jhowlett/170209_1500_distances_0/000013/FakeWaveform_XENON1T_000013_truth.root to truth minitree dir
moving /project/lgrandi/jhowlett/170209_1500_distances_0/000014/FakeWaveform_XENON1T_000014_pax_Basics.root to basics minitree dir
moving /project/lgrandi/jhowlett/170209_1500_distances_0/000014/FakeWaveform_XENON1T_000014_pax_Fundamentals.root to processed minitree dir
moving /project/lgrandi/jhowlett/170209_1500_distances_0/000014/FakeWaveform_XENON1T_000014_pax.root to pax tree dir
moving /project/lgrandi/jhowlett/170209_1500_distances_0/000014/FakeWaveform_XENON1T_000014_truth.root to truth minitree dir
moving /project/lgrandi/jhowlett/170209_1500_distances_0/000015/FakeWaveform_XENON1T_000015_pax_Basics.root to basics minitree dir
moving /project/lgrandi/jhowlett/170209_1500_distances_0/000015/FakeWaveform_XENON1T_000015_pax_Fundamentals.root to processed minitree dir
moving /project/lgrandi/jhowlett/170209_1500_distances_0/000015/FakeWaveform_XENON1T_000015_pax.root to pax tree dir
moving /project/lgrandi/jhowlett/170209_1500_distances_0/000015/FakeWaveform_XENON1T_000015_truth.root to truth minitree dir
moving /project/lgrandi/jhowlett/170209_1500_distances_0/000016/FakeWaveform_XENON1T_000016_pax_Basics.root to basics minitree dir
moving /project/lgrandi/jhowlett/170209_1500_distances_0/000016/FakeWaveform_XENON1T_000016_pax_Fundamentals.root to processed minitree dir
moving /project/lgrandi/jhowlett/170209_1500_distances_0/000016/FakeWaveform_XENON1T_000016_pax.root to pax tree dir
moving /project/lgrandi/jhowlett/170209_1500_distances_0/000016/FakeWaveform_XENON1T_000016_truth.root to truth minitree dir
moving /project/lgrandi/jhowlett/170209_1500_distances_0/000017/FakeWaveform_XENON1T_000017_pax_Basics.root to basics minitree dir
moving /project/lgrandi/jhowlett/170209_1500_distances_0/000017/FakeWaveform_XENON1T_000017_pax_Fundamentals.root to processed minitree dir
moving /project/lgrandi/jhowlett/170209_1500_distances_0/000017/FakeWaveform_XENON1T_000017_pax.root to pax tree dir
moving /project/lgrandi/jhowlett/170209_1500_distances_0/000017/FakeWaveform_XENON1T_000017_truth.root to truth minitree dir
moving /project/lgrandi/jhowlett/170209_1500_distances_0/000018/FakeWaveform_XENON1T_000018_pax_Basics.root to basics minitree dir
moving /project/lgrandi/jhowlett/170209_1500_distances_0/000018/FakeWaveform_XENON1T_000018_pax_Fundamentals.root to processed minitree dir
moving /project/lgrandi/jhowlett/170209_1500_distances_0/000018/FakeWaveform_XENON1T_000018_pax.root to pax tree dir
moving /project/lgrandi/jhowlett/170209_1500_distances_0/000018/FakeWaveform_XENON1T_000018_truth.root to truth minitree dir
moving /project/lgrandi/jhowlett/170209_1500_distances_0/000019/FakeWaveform_XENON1T_000019_pax_Basics.root to basics minitree dir
moving /project/lgrandi/jhowlett/170209_1500_distances_0/000019/FakeWaveform_XENON1T_000019_pax_Fundamentals.root to processed minitree dir
moving /project/lgrandi/jhowlett/170209_1500_distances_0/000019/FakeWaveform_XENON1T_000019_pax.root to pax tree dir
moving /project/lgrandi/jhowlett/170209_1500_distances_0/000019/FakeWaveform_XENON1T_000019_truth.root to truth minitree dir
moving /project/lgrandi/jhowlett/170209_1500_distances_0/000020/FakeWaveform_XENON1T_000020_pax_Basics.root to basics minitree dir
moving /project/lgrandi/jhowlett/170209_1500_distances_0/000020/FakeWaveform_XENON1T_000020_pax_Fundamentals.root to processed minitree dir
moving /project/lgrandi/jhowlett/170209_1500_distances_0/000020/FakeWaveform_XENON1T_000020_pax.root to pax tree dir
moving /project/lgrandi/jhowlett/170209_1500_distances_0/000020/FakeWaveform_XENON1T_000020_truth.root to truth minitree dir
moving /project/lgrandi/jhowlett/170209_1500_distances_0/000021/FakeWaveform_XENON1T_000021_pax_Basics.root to basics minitree dir
moving /project/lgrandi/jhowlett/170209_1500_distances_0/000021/FakeWaveform_XENON1T_000021_pax_Fundamentals.root to processed minitree dir
moving /project/lgrandi/jhowlett/170209_1500_distances_0/000021/FakeWaveform_XENON1T_000021_pax.root to pax tree dir
moving /project/lgrandi/jhowlett/170209_1500_distances_0/000021/FakeWaveform_XENON1T_000021_truth.root to truth minitree dir
moving /project/lgrandi/jhowlett/170209_1500_distances_0/000022/FakeWaveform_XENON1T_000022_pax_Basics.root to basics minitree dir
moving /project/lgrandi/jhowlett/170209_1500_distances_0/000022/FakeWaveform_XENON1T_000022_pax_Fundamentals.root to processed minitree dir
moving /project/lgrandi/jhowlett/170209_1500_distances_0/000022/FakeWaveform_XENON1T_000022_pax.root to pax tree dir
moving /project/lgrandi/jhowlett/170209_1500_distances_0/000022/FakeWaveform_XENON1T_000022_truth.root to truth minitree dir
moving /project/lgrandi/jhowlett/170209_1500_distances_0/000023/FakeWaveform_XENON1T_000023_pax_Basics.root to basics minitree dir
moving /project/lgrandi/jhowlett/170209_1500_distances_0/000023/FakeWaveform_XENON1T_000023_pax_Fundamentals.root to processed minitree dir
moving /project/lgrandi/jhowlett/170209_1500_distances_0/000023/FakeWaveform_XENON1T_000023_pax.root to pax tree dir
moving /project/lgrandi/jhowlett/170209_1500_distances_0/000023/FakeWaveform_XENON1T_000023_truth.root to truth minitree dir
moving /project/lgrandi/jhowlett/170209_1500_distances_0/000024/FakeWaveform_XENON1T_000024_pax_Basics.root to basics minitree dir
moving /project/lgrandi/jhowlett/170209_1500_distances_0/000024/FakeWaveform_XENON1T_000024_pax_Fundamentals.root to processed minitree dir
moving /project/lgrandi/jhowlett/170209_1500_distances_0/000024/FakeWaveform_XENON1T_000024_pax.root to pax tree dir
moving /project/lgrandi/jhowlett/170209_1500_distances_0/000024/FakeWaveform_XENON1T_000024_truth.root to truth minitree dir
moving /project/lgrandi/jhowlett/170209_1500_distances_0/000025/FakeWaveform_XENON1T_000025_pax_Basics.root to basics minitree dir
moving /project/lgrandi/jhowlett/170209_1500_distances_0/000025/FakeWaveform_XENON1T_000025_pax_Fundamentals.root to processed minitree dir
moving /project/lgrandi/jhowlett/170209_1500_distances_0/000025/FakeWaveform_XENON1T_000025_pax.root to pax tree dir
moving /project/lgrandi/jhowlett/170209_1500_distances_0/000025/FakeWaveform_XENON1T_000025_truth.root to truth minitree dir
moving /project/lgrandi/jhowlett/170209_1500_distances_0/000026/FakeWaveform_XENON1T_000026_pax_Basics.root to basics minitree dir
moving /project/lgrandi/jhowlett/170209_1500_distances_0/000026/FakeWaveform_XENON1T_000026_pax_Fundamentals.root to processed minitree dir
moving /project/lgrandi/jhowlett/170209_1500_distances_0/000026/FakeWaveform_XENON1T_000026_pax.root to pax tree dir
moving /project/lgrandi/jhowlett/170209_1500_distances_0/000026/FakeWaveform_XENON1T_000026_truth.root to truth minitree dir
moving /project/lgrandi/jhowlett/170209_1500_distances_0/000027/FakeWaveform_XENON1T_000027_pax_Basics.root to basics minitree dir
moving /project/lgrandi/jhowlett/170209_1500_distances_0/000027/FakeWaveform_XENON1T_000027_pax_Fundamentals.root to processed minitree dir
moving /project/lgrandi/jhowlett/170209_1500_distances_0/000027/FakeWaveform_XENON1T_000027_pax.root to pax tree dir
moving /project/lgrandi/jhowlett/170209_1500_distances_0/000027/FakeWaveform_XENON1T_000027_truth.root to truth minitree dir
moving /project/lgrandi/jhowlett/170209_1500_distances_0/000028/FakeWaveform_XENON1T_000028_pax_Basics.root to basics minitree dir
moving /project/lgrandi/jhowlett/170209_1500_distances_0/000028/FakeWaveform_XENON1T_000028_pax_Fundamentals.root to processed minitree dir
moving /project/lgrandi/jhowlett/170209_1500_distances_0/000028/FakeWaveform_XENON1T_000028_pax.root to pax tree dir
moving /project/lgrandi/jhowlett/170209_1500_distances_0/000028/FakeWaveform_XENON1T_000028_truth.root to truth minitree dir
moving /project/lgrandi/jhowlett/170209_1500_distances_0/000029/FakeWaveform_XENON1T_000029_pax_Basics.root to basics minitree dir
moving /project/lgrandi/jhowlett/170209_1500_distances_0/000029/FakeWaveform_XENON1T_000029_pax_Fundamentals.root to processed minitree dir
moving /project/lgrandi/jhowlett/170209_1500_distances_0/000029/FakeWaveform_XENON1T_000029_pax.root to pax tree dir
moving /project/lgrandi/jhowlett/170209_1500_distances_0/000029/FakeWaveform_XENON1T_000029_truth.root to truth minitree dir
moving /project/lgrandi/jhowlett/170209_1500_distances_0/000030/FakeWaveform_XENON1T_000030_pax_Basics.root to basics minitree dir
moving /project/lgrandi/jhowlett/170209_1500_distances_0/000030/FakeWaveform_XENON1T_000030_pax_Fundamentals.root to processed minitree dir
moving /project/lgrandi/jhowlett/170209_1500_distances_0/000030/FakeWaveform_XENON1T_000030_pax.root to pax tree dir
moving /project/lgrandi/jhowlett/170209_1500_distances_0/000030/FakeWaveform_XENON1T_000030_truth.root to truth minitree dir
moving /project/lgrandi/jhowlett/170209_1500_distances_0/000031/FakeWaveform_XENON1T_000031_pax_Basics.root to basics minitree dir
moving /project/lgrandi/jhowlett/170209_1500_distances_0/000031/FakeWaveform_XENON1T_000031_pax_Fundamentals.root to processed minitree dir
moving /project/lgrandi/jhowlett/170209_1500_distances_0/000031/FakeWaveform_XENON1T_000031_pax.root to pax tree dir
moving /project/lgrandi/jhowlett/170209_1500_distances_0/000031/FakeWaveform_XENON1T_000031_truth.root to truth minitree dir
moving /project/lgrandi/jhowlett/170209_1500_distances_0/000032/FakeWaveform_XENON1T_000032_pax_Basics.root to basics minitree dir
moving /project/lgrandi/jhowlett/170209_1500_distances_0/000032/FakeWaveform_XENON1T_000032_pax_Fundamentals.root to processed minitree dir
moving /project/lgrandi/jhowlett/170209_1500_distances_0/000032/FakeWaveform_XENON1T_000032_pax.root to pax tree dir
moving /project/lgrandi/jhowlett/170209_1500_distances_0/000032/FakeWaveform_XENON1T_000032_truth.root to truth minitree dir
moving /project/lgrandi/jhowlett/170209_1500_distances_0/000033/FakeWaveform_XENON1T_000033_pax_Basics.root to basics minitree dir
moving /project/lgrandi/jhowlett/170209_1500_distances_0/000033/FakeWaveform_XENON1T_000033_pax_Fundamentals.root to processed minitree dir
moving /project/lgrandi/jhowlett/170209_1500_distances_0/000033/FakeWaveform_XENON1T_000033_pax.root to pax tree dir
moving /project/lgrandi/jhowlett/170209_1500_distances_0/000033/FakeWaveform_XENON1T_000033_truth.root to truth minitree dir
moving /project/lgrandi/jhowlett/170209_1500_distances_0/000034/FakeWaveform_XENON1T_000034_pax_Basics.root to basics minitree dir
moving /project/lgrandi/jhowlett/170209_1500_distances_0/000034/FakeWaveform_XENON1T_000034_pax_Fundamentals.root to processed minitree dir
moving /project/lgrandi/jhowlett/170209_1500_distances_0/000034/FakeWaveform_XENON1T_000034_pax.root to pax tree dir
moving /project/lgrandi/jhowlett/170209_1500_distances_0/000034/FakeWaveform_XENON1T_000034_truth.root to truth minitree dir
moving /project/lgrandi/jhowlett/170209_1500_distances_0/000035/FakeWaveform_XENON1T_000035_pax_Basics.root to basics minitree dir
moving /project/lgrandi/jhowlett/170209_1500_distances_0/000035/FakeWaveform_XENON1T_000035_pax_Fundamentals.root to processed minitree dir
moving /project/lgrandi/jhowlett/170209_1500_distances_0/000035/FakeWaveform_XENON1T_000035_pax.root to pax tree dir
moving /project/lgrandi/jhowlett/170209_1500_distances_0/000035/FakeWaveform_XENON1T_000035_truth.root to truth minitree dir
moving /project/lgrandi/jhowlett/170209_1500_distances_0/000036/FakeWaveform_XENON1T_000036_pax_Basics.root to basics minitree dir
moving /project/lgrandi/jhowlett/170209_1500_distances_0/000036/FakeWaveform_XENON1T_000036_pax_Fundamentals.root to processed minitree dir
moving /project/lgrandi/jhowlett/170209_1500_distances_0/000036/FakeWaveform_XENON1T_000036_pax.root to pax tree dir
moving /project/lgrandi/jhowlett/170209_1500_distances_0/000036/FakeWaveform_XENON1T_000036_truth.root to truth minitree dir
moving /project/lgrandi/jhowlett/170209_1500_distances_0/000037/FakeWaveform_XENON1T_000037_pax_Basics.root to basics minitree dir
moving /project/lgrandi/jhowlett/170209_1500_distances_0/000037/FakeWaveform_XENON1T_000037_pax_Fundamentals.root to processed minitree dir
moving /project/lgrandi/jhowlett/170209_1500_distances_0/000037/FakeWaveform_XENON1T_000037_pax.root to pax tree dir
moving /project/lgrandi/jhowlett/170209_1500_distances_0/000037/FakeWaveform_XENON1T_000037_truth.root to truth minitree dir
moving /project/lgrandi/jhowlett/170209_1500_distances_0/000038/FakeWaveform_XENON1T_000038_pax_Basics.root to basics minitree dir
moving /project/lgrandi/jhowlett/170209_1500_distances_0/000038/FakeWaveform_XENON1T_000038_pax_Fundamentals.root to processed minitree dir
moving /project/lgrandi/jhowlett/170209_1500_distances_0/000038/FakeWaveform_XENON1T_000038_pax.root to pax tree dir
moving /project/lgrandi/jhowlett/170209_1500_distances_0/000038/FakeWaveform_XENON1T_000038_truth.root to truth minitree dir
moving /project/lgrandi/jhowlett/170209_1500_distances_0/000039/FakeWaveform_XENON1T_000039_pax_Basics.root to basics minitree dir
moving /project/lgrandi/jhowlett/170209_1500_distances_0/000039/FakeWaveform_XENON1T_000039_pax_Fundamentals.root to processed minitree dir
moving /project/lgrandi/jhowlett/170209_1500_distances_0/000039/FakeWaveform_XENON1T_000039_pax.root to pax tree dir
moving /project/lgrandi/jhowlett/170209_1500_distances_0/000039/FakeWaveform_XENON1T_000039_truth.root to truth minitree dir
moving /project/lgrandi/jhowlett/170209_1500_distances_0/000040/FakeWaveform_XENON1T_000040_pax_Basics.root to basics minitree dir
moving /project/lgrandi/jhowlett/170209_1500_distances_0/000040/FakeWaveform_XENON1T_000040_pax_Fundamentals.root to processed minitree dir
moving /project/lgrandi/jhowlett/170209_1500_distances_0/000040/FakeWaveform_XENON1T_000040_pax.root to pax tree dir
moving /project/lgrandi/jhowlett/170209_1500_distances_0/000040/FakeWaveform_XENON1T_000040_truth.root to truth minitree dir
moving /project/lgrandi/jhowlett/170209_1500_distances_0/000041/FakeWaveform_XENON1T_000041_pax_Basics.root to basics minitree dir
moving /project/lgrandi/jhowlett/170209_1500_distances_0/000041/FakeWaveform_XENON1T_000041_pax_Fundamentals.root to processed minitree dir
moving /project/lgrandi/jhowlett/170209_1500_distances_0/000041/FakeWaveform_XENON1T_000041_pax.root to pax tree dir
moving /project/lgrandi/jhowlett/170209_1500_distances_0/000041/FakeWaveform_XENON1T_000041_truth.root to truth minitree dir
moving /project/lgrandi/jhowlett/170209_1500_distances_0/000042/FakeWaveform_XENON1T_000042_pax_Basics.root to basics minitree dir
moving /project/lgrandi/jhowlett/170209_1500_distances_0/000042/FakeWaveform_XENON1T_000042_pax_Fundamentals.root to processed minitree dir
moving /project/lgrandi/jhowlett/170209_1500_distances_0/000042/FakeWaveform_XENON1T_000042_pax.root to pax tree dir
moving /project/lgrandi/jhowlett/170209_1500_distances_0/000042/FakeWaveform_XENON1T_000042_truth.root to truth minitree dir
moving /project/lgrandi/jhowlett/170209_1500_distances_0/000043/FakeWaveform_XENON1T_000043_pax_Basics.root to basics minitree dir
moving /project/lgrandi/jhowlett/170209_1500_distances_0/000043/FakeWaveform_XENON1T_000043_pax_Fundamentals.root to processed minitree dir
moving /project/lgrandi/jhowlett/170209_1500_distances_0/000043/FakeWaveform_XENON1T_000043_pax.root to pax tree dir
moving /project/lgrandi/jhowlett/170209_1500_distances_0/000043/FakeWaveform_XENON1T_000043_truth.root to truth minitree dir
moving /project/lgrandi/jhowlett/170209_1500_distances_0/000044/FakeWaveform_XENON1T_000044_pax_Basics.root to basics minitree dir
moving /project/lgrandi/jhowlett/170209_1500_distances_0/000044/FakeWaveform_XENON1T_000044_pax_Fundamentals.root to processed minitree dir
moving /project/lgrandi/jhowlett/170209_1500_distances_0/000044/FakeWaveform_XENON1T_000044_pax.root to pax tree dir
moving /project/lgrandi/jhowlett/170209_1500_distances_0/000044/FakeWaveform_XENON1T_000044_truth.root to truth minitree dir
moving /project/lgrandi/jhowlett/170209_1500_distances_0/000045/FakeWaveform_XENON1T_000045_pax_Basics.root to basics minitree dir
moving /project/lgrandi/jhowlett/170209_1500_distances_0/000045/FakeWaveform_XENON1T_000045_pax_Fundamentals.root to processed minitree dir
moving /project/lgrandi/jhowlett/170209_1500_distances_0/000045/FakeWaveform_XENON1T_000045_pax.root to pax tree dir
moving /project/lgrandi/jhowlett/170209_1500_distances_0/000045/FakeWaveform_XENON1T_000045_truth.root to truth minitree dir
moving /project/lgrandi/jhowlett/170209_1500_distances_0/000046/FakeWaveform_XENON1T_000046_pax_Basics.root to basics minitree dir
moving /project/lgrandi/jhowlett/170209_1500_distances_0/000046/FakeWaveform_XENON1T_000046_pax_Fundamentals.root to processed minitree dir
moving /project/lgrandi/jhowlett/170209_1500_distances_0/000046/FakeWaveform_XENON1T_000046_pax.root to pax tree dir
moving /project/lgrandi/jhowlett/170209_1500_distances_0/000046/FakeWaveform_XENON1T_000046_truth.root to truth minitree dir
moving /project/lgrandi/jhowlett/170209_1500_distances_0/000047/FakeWaveform_XENON1T_000047_pax_Basics.root to basics minitree dir
moving /project/lgrandi/jhowlett/170209_1500_distances_0/000047/FakeWaveform_XENON1T_000047_pax_Fundamentals.root to processed minitree dir
moving /project/lgrandi/jhowlett/170209_1500_distances_0/000047/FakeWaveform_XENON1T_000047_pax.root to pax tree dir
moving /project/lgrandi/jhowlett/170209_1500_distances_0/000047/FakeWaveform_XENON1T_000047_truth.root to truth minitree dir
moving /project/lgrandi/jhowlett/170209_1500_distances_0/000048/FakeWaveform_XENON1T_000048_pax_Basics.root to basics minitree dir
moving /project/lgrandi/jhowlett/170209_1500_distances_0/000048/FakeWaveform_XENON1T_000048_pax_Fundamentals.root to processed minitree dir
moving /project/lgrandi/jhowlett/170209_1500_distances_0/000048/FakeWaveform_XENON1T_000048_pax.root to pax tree dir
moving /project/lgrandi/jhowlett/170209_1500_distances_0/000048/FakeWaveform_XENON1T_000048_truth.root to truth minitree dir
moving /project/lgrandi/jhowlett/170209_1500_distances_0/000049/FakeWaveform_XENON1T_000049_pax_Basics.root to basics minitree dir
moving /project/lgrandi/jhowlett/170209_1500_distances_0/000049/FakeWaveform_XENON1T_000049_pax_Fundamentals.root to processed minitree dir
moving /project/lgrandi/jhowlett/170209_1500_distances_0/000049/FakeWaveform_XENON1T_000049_pax.root to pax tree dir
moving /project/lgrandi/jhowlett/170209_1500_distances_0/000049/FakeWaveform_XENON1T_000049_truth.root to truth minitree dir
moving /project/lgrandi/jhowlett/170209_1500_distances_0/000050/FakeWaveform_XENON1T_000050_pax_Basics.root to basics minitree dir
moving /project/lgrandi/jhowlett/170209_1500_distances_0/000050/FakeWaveform_XENON1T_000050_pax_Fundamentals.root to processed minitree dir
moving /project/lgrandi/jhowlett/170209_1500_distances_0/000050/FakeWaveform_XENON1T_000050_pax.root to pax tree dir
moving /project/lgrandi/jhowlett/170209_1500_distances_0/000050/FakeWaveform_XENON1T_000050_truth.root to truth minitree dir
moving /project/lgrandi/jhowlett/170209_1500_distances_0/000051/FakeWaveform_XENON1T_000051_pax_Basics.root to basics minitree dir
moving /project/lgrandi/jhowlett/170209_1500_distances_0/000051/FakeWaveform_XENON1T_000051_pax_Fundamentals.root to processed minitree dir
moving /project/lgrandi/jhowlett/170209_1500_distances_0/000051/FakeWaveform_XENON1T_000051_pax.root to pax tree dir
moving /project/lgrandi/jhowlett/170209_1500_distances_0/000051/FakeWaveform_XENON1T_000051_truth.root to truth minitree dir
moving /project/lgrandi/jhowlett/170209_1500_distances_0/000052/FakeWaveform_XENON1T_000052_pax_Basics.root to basics minitree dir
moving /project/lgrandi/jhowlett/170209_1500_distances_0/000052/FakeWaveform_XENON1T_000052_pax_Fundamentals.root to processed minitree dir
moving /project/lgrandi/jhowlett/170209_1500_distances_0/000052/FakeWaveform_XENON1T_000052_pax.root to pax tree dir
moving /project/lgrandi/jhowlett/170209_1500_distances_0/000052/FakeWaveform_XENON1T_000052_truth.root to truth minitree dir
moving /project/lgrandi/jhowlett/170209_1500_distances_0/000053/FakeWaveform_XENON1T_000053_pax_Basics.root to basics minitree dir
moving /project/lgrandi/jhowlett/170209_1500_distances_0/000053/FakeWaveform_XENON1T_000053_pax_Fundamentals.root to processed minitree dir
moving /project/lgrandi/jhowlett/170209_1500_distances_0/000053/FakeWaveform_XENON1T_000053_pax.root to pax tree dir
moving /project/lgrandi/jhowlett/170209_1500_distances_0/000053/FakeWaveform_XENON1T_000053_truth.root to truth minitree dir
moving /project/lgrandi/jhowlett/170209_1500_distances_0/000054/FakeWaveform_XENON1T_000054_pax_Basics.root to basics minitree dir
moving /project/lgrandi/jhowlett/170209_1500_distances_0/000054/FakeWaveform_XENON1T_000054_pax_Fundamentals.root to processed minitree dir
moving /project/lgrandi/jhowlett/170209_1500_distances_0/000054/FakeWaveform_XENON1T_000054_pax.root to pax tree dir
moving /project/lgrandi/jhowlett/170209_1500_distances_0/000054/FakeWaveform_XENON1T_000054_truth.root to truth minitree dir
moving /project/lgrandi/jhowlett/170209_1500_distances_0/000055/FakeWaveform_XENON1T_000055_pax_Basics.root to basics minitree dir
moving /project/lgrandi/jhowlett/170209_1500_distances_0/000055/FakeWaveform_XENON1T_000055_pax_Fundamentals.root to processed minitree dir
moving /project/lgrandi/jhowlett/170209_1500_distances_0/000055/FakeWaveform_XENON1T_000055_pax.root to pax tree dir
moving /project/lgrandi/jhowlett/170209_1500_distances_0/000055/FakeWaveform_XENON1T_000055_truth.root to truth minitree dir
moving /project/lgrandi/jhowlett/170209_1500_distances_0/000056/FakeWaveform_XENON1T_000056_pax_Basics.root to basics minitree dir
moving /project/lgrandi/jhowlett/170209_1500_distances_0/000056/FakeWaveform_XENON1T_000056_pax_Fundamentals.root to processed minitree dir
moving /project/lgrandi/jhowlett/170209_1500_distances_0/000056/FakeWaveform_XENON1T_000056_pax.root to pax tree dir
moving /project/lgrandi/jhowlett/170209_1500_distances_0/000056/FakeWaveform_XENON1T_000056_truth.root to truth minitree dir
moving /project/lgrandi/jhowlett/170209_1500_distances_0/000057/FakeWaveform_XENON1T_000057_pax_Basics.root to basics minitree dir
moving /project/lgrandi/jhowlett/170209_1500_distances_0/000057/FakeWaveform_XENON1T_000057_pax_Fundamentals.root to processed minitree dir
moving /project/lgrandi/jhowlett/170209_1500_distances_0/000057/FakeWaveform_XENON1T_000057_pax.root to pax tree dir
moving /project/lgrandi/jhowlett/170209_1500_distances_0/000057/FakeWaveform_XENON1T_000057_truth.root to truth minitree dir
moving /project/lgrandi/jhowlett/170209_1500_distances_0/000058/FakeWaveform_XENON1T_000058_pax_Basics.root to basics minitree dir
moving /project/lgrandi/jhowlett/170209_1500_distances_0/000058/FakeWaveform_XENON1T_000058_pax_Fundamentals.root to processed minitree dir
moving /project/lgrandi/jhowlett/170209_1500_distances_0/000058/FakeWaveform_XENON1T_000058_pax.root to pax tree dir
moving /project/lgrandi/jhowlett/170209_1500_distances_0/000058/FakeWaveform_XENON1T_000058_truth.root to truth minitree dir
moving /project/lgrandi/jhowlett/170209_1500_distances_0/000059/FakeWaveform_XENON1T_000059_pax_Basics.root to basics minitree dir
moving /project/lgrandi/jhowlett/170209_1500_distances_0/000059/FakeWaveform_XENON1T_000059_pax_Fundamentals.root to processed minitree dir
moving /project/lgrandi/jhowlett/170209_1500_distances_0/000059/FakeWaveform_XENON1T_000059_pax.root to pax tree dir
moving /project/lgrandi/jhowlett/170209_1500_distances_0/000059/FakeWaveform_XENON1T_000059_truth.root to truth minitree dir
moving /project/lgrandi/jhowlett/170209_1500_distances_0/000060/FakeWaveform_XENON1T_000060_pax_Basics.root to basics minitree dir
moving /project/lgrandi/jhowlett/170209_1500_distances_0/000060/FakeWaveform_XENON1T_000060_pax_Fundamentals.root to processed minitree dir
moving /project/lgrandi/jhowlett/170209_1500_distances_0/000060/FakeWaveform_XENON1T_000060_pax.root to pax tree dir
moving /project/lgrandi/jhowlett/170209_1500_distances_0/000060/FakeWaveform_XENON1T_000060_truth.root to truth minitree dir
moving /project/lgrandi/jhowlett/170209_1500_distances_0/000061/FakeWaveform_XENON1T_000061_pax_Basics.root to basics minitree dir
moving /project/lgrandi/jhowlett/170209_1500_distances_0/000061/FakeWaveform_XENON1T_000061_pax_Fundamentals.root to processed minitree dir
moving /project/lgrandi/jhowlett/170209_1500_distances_0/000061/FakeWaveform_XENON1T_000061_pax.root to pax tree dir
moving /project/lgrandi/jhowlett/170209_1500_distances_0/000061/FakeWaveform_XENON1T_000061_truth.root to truth minitree dir
moving /project/lgrandi/jhowlett/170209_1500_distances_0/000062/FakeWaveform_XENON1T_000062_pax_Basics.root to basics minitree dir
moving /project/lgrandi/jhowlett/170209_1500_distances_0/000062/FakeWaveform_XENON1T_000062_pax_Fundamentals.root to processed minitree dir
moving /project/lgrandi/jhowlett/170209_1500_distances_0/000062/FakeWaveform_XENON1T_000062_pax.root to pax tree dir
moving /project/lgrandi/jhowlett/170209_1500_distances_0/000062/FakeWaveform_XENON1T_000062_truth.root to truth minitree dir
moving /project/lgrandi/jhowlett/170209_1500_distances_0/000063/FakeWaveform_XENON1T_000063_pax_Basics.root to basics minitree dir
moving /project/lgrandi/jhowlett/170209_1500_distances_0/000063/FakeWaveform_XENON1T_000063_pax_Fundamentals.root to processed minitree dir
moving /project/lgrandi/jhowlett/170209_1500_distances_0/000063/FakeWaveform_XENON1T_000063_pax.root to pax tree dir
moving /project/lgrandi/jhowlett/170209_1500_distances_0/000063/FakeWaveform_XENON1T_000063_truth.root to truth minitree dir
moving /project/lgrandi/jhowlett/170209_1500_distances_0/000064/FakeWaveform_XENON1T_000064_pax_Basics.root to basics minitree dir
moving /project/lgrandi/jhowlett/170209_1500_distances_0/000064/FakeWaveform_XENON1T_000064_pax_Fundamentals.root to processed minitree dir
moving /project/lgrandi/jhowlett/170209_1500_distances_0/000064/FakeWaveform_XENON1T_000064_pax.root to pax tree dir
moving /project/lgrandi/jhowlett/170209_1500_distances_0/000064/FakeWaveform_XENON1T_000064_truth.root to truth minitree dir
moving /project/lgrandi/jhowlett/170209_1500_distances_0/000065/FakeWaveform_XENON1T_000065_pax_Basics.root to basics minitree dir
moving /project/lgrandi/jhowlett/170209_1500_distances_0/000065/FakeWaveform_XENON1T_000065_pax_Fundamentals.root to processed minitree dir
moving /project/lgrandi/jhowlett/170209_1500_distances_0/000065/FakeWaveform_XENON1T_000065_pax.root to pax tree dir
moving /project/lgrandi/jhowlett/170209_1500_distances_0/000065/FakeWaveform_XENON1T_000065_truth.root to truth minitree dir
moving /project/lgrandi/jhowlett/170209_1500_distances_0/000066/FakeWaveform_XENON1T_000066_pax_Basics.root to basics minitree dir
moving /project/lgrandi/jhowlett/170209_1500_distances_0/000066/FakeWaveform_XENON1T_000066_pax_Fundamentals.root to processed minitree dir
moving /project/lgrandi/jhowlett/170209_1500_distances_0/000066/FakeWaveform_XENON1T_000066_pax.root to pax tree dir
moving /project/lgrandi/jhowlett/170209_1500_distances_0/000066/FakeWaveform_XENON1T_000066_truth.root to truth minitree dir
moving /project/lgrandi/jhowlett/170209_1500_distances_0/000067/FakeWaveform_XENON1T_000067_pax_Basics.root to basics minitree dir
moving /project/lgrandi/jhowlett/170209_1500_distances_0/000067/FakeWaveform_XENON1T_000067_pax_Fundamentals.root to processed minitree dir
moving /project/lgrandi/jhowlett/170209_1500_distances_0/000067/FakeWaveform_XENON1T_000067_pax.root to pax tree dir
moving /project/lgrandi/jhowlett/170209_1500_distances_0/000067/FakeWaveform_XENON1T_000067_truth.root to truth minitree dir
moving /project/lgrandi/jhowlett/170209_1500_distances_0/000068/FakeWaveform_XENON1T_000068_pax_Basics.root to basics minitree dir
moving /project/lgrandi/jhowlett/170209_1500_distances_0/000068/FakeWaveform_XENON1T_000068_pax_Fundamentals.root to processed minitree dir
moving /project/lgrandi/jhowlett/170209_1500_distances_0/000068/FakeWaveform_XENON1T_000068_pax.root to pax tree dir
moving /project/lgrandi/jhowlett/170209_1500_distances_0/000068/FakeWaveform_XENON1T_000068_truth.root to truth minitree dir
moving /project/lgrandi/jhowlett/170209_1500_distances_0/000069/FakeWaveform_XENON1T_000069_pax_Basics.root to basics minitree dir
moving /project/lgrandi/jhowlett/170209_1500_distances_0/000069/FakeWaveform_XENON1T_000069_pax_Fundamentals.root to processed minitree dir
moving /project/lgrandi/jhowlett/170209_1500_distances_0/000069/FakeWaveform_XENON1T_000069_pax.root to pax tree dir
moving /project/lgrandi/jhowlett/170209_1500_distances_0/000069/FakeWaveform_XENON1T_000069_truth.root to truth minitree dir
moving /project/lgrandi/jhowlett/170209_1500_distances_0/000070/FakeWaveform_XENON1T_000070_pax_Basics.root to basics minitree dir
moving /project/lgrandi/jhowlett/170209_1500_distances_0/000070/FakeWaveform_XENON1T_000070_pax_Fundamentals.root to processed minitree dir
moving /project/lgrandi/jhowlett/170209_1500_distances_0/000070/FakeWaveform_XENON1T_000070_pax.root to pax tree dir
moving /project/lgrandi/jhowlett/170209_1500_distances_0/000070/FakeWaveform_XENON1T_000070_truth.root to truth minitree dir
moving /project/lgrandi/jhowlett/170209_1500_distances_0/000071/FakeWaveform_XENON1T_000071_pax_Basics.root to basics minitree dir
moving /project/lgrandi/jhowlett/170209_1500_distances_0/000071/FakeWaveform_XENON1T_000071_pax_Fundamentals.root to processed minitree dir
moving /project/lgrandi/jhowlett/170209_1500_distances_0/000071/FakeWaveform_XENON1T_000071_pax.root to pax tree dir
moving /project/lgrandi/jhowlett/170209_1500_distances_0/000071/FakeWaveform_XENON1T_000071_truth.root to truth minitree dir
moving /project/lgrandi/jhowlett/170209_1500_distances_0/000072/FakeWaveform_XENON1T_000072_pax_Basics.root to basics minitree dir
moving /project/lgrandi/jhowlett/170209_1500_distances_0/000072/FakeWaveform_XENON1T_000072_pax_Fundamentals.root to processed minitree dir
moving /project/lgrandi/jhowlett/170209_1500_distances_0/000072/FakeWaveform_XENON1T_000072_pax.root to pax tree dir
moving /project/lgrandi/jhowlett/170209_1500_distances_0/000072/FakeWaveform_XENON1T_000072_truth.root to truth minitree dir
moving /project/lgrandi/jhowlett/170209_1500_distances_0/000073/FakeWaveform_XENON1T_000073_pax_Basics.root to basics minitree dir
moving /project/lgrandi/jhowlett/170209_1500_distances_0/000073/FakeWaveform_XENON1T_000073_pax_Fundamentals.root to processed minitree dir
moving /project/lgrandi/jhowlett/170209_1500_distances_0/000073/FakeWaveform_XENON1T_000073_pax.root to pax tree dir
moving /project/lgrandi/jhowlett/170209_1500_distances_0/000073/FakeWaveform_XENON1T_000073_truth.root to truth minitree dir
moving /project/lgrandi/jhowlett/170209_1500_distances_0/000074/FakeWaveform_XENON1T_000074_pax_Basics.root to basics minitree dir
moving /project/lgrandi/jhowlett/170209_1500_distances_0/000074/FakeWaveform_XENON1T_000074_pax_Fundamentals.root to processed minitree dir
moving /project/lgrandi/jhowlett/170209_1500_distances_0/000074/FakeWaveform_XENON1T_000074_pax.root to pax tree dir
moving /project/lgrandi/jhowlett/170209_1500_distances_0/000074/FakeWaveform_XENON1T_000074_truth.root to truth minitree dir
moving /project/lgrandi/jhowlett/170209_1500_distances_0/000075/FakeWaveform_XENON1T_000075_pax_Basics.root to basics minitree dir
moving /project/lgrandi/jhowlett/170209_1500_distances_0/000075/FakeWaveform_XENON1T_000075_pax_Fundamentals.root to processed minitree dir
moving /project/lgrandi/jhowlett/170209_1500_distances_0/000075/FakeWaveform_XENON1T_000075_pax.root to pax tree dir
moving /project/lgrandi/jhowlett/170209_1500_distances_0/000075/FakeWaveform_XENON1T_000075_truth.root to truth minitree dir
moving /project/lgrandi/jhowlett/170209_1500_distances_0/000076/FakeWaveform_XENON1T_000076_pax_Basics.root to basics minitree dir
moving /project/lgrandi/jhowlett/170209_1500_distances_0/000076/FakeWaveform_XENON1T_000076_pax_Fundamentals.root to processed minitree dir
moving /project/lgrandi/jhowlett/170209_1500_distances_0/000076/FakeWaveform_XENON1T_000076_pax.root to pax tree dir
moving /project/lgrandi/jhowlett/170209_1500_distances_0/000076/FakeWaveform_XENON1T_000076_truth.root to truth minitree dir
moving /project/lgrandi/jhowlett/170209_1500_distances_0/000077/FakeWaveform_XENON1T_000077_pax_Basics.root to basics minitree dir
moving /project/lgrandi/jhowlett/170209_1500_distances_0/000077/FakeWaveform_XENON1T_000077_pax_Fundamentals.root to processed minitree dir
moving /project/lgrandi/jhowlett/170209_1500_distances_0/000077/FakeWaveform_XENON1T_000077_pax.root to pax tree dir
moving /project/lgrandi/jhowlett/170209_1500_distances_0/000077/FakeWaveform_XENON1T_000077_truth.root to truth minitree dir
moving /project/lgrandi/jhowlett/170209_1500_distances_0/000078/FakeWaveform_XENON1T_000078_pax_Basics.root to basics minitree dir
moving /project/lgrandi/jhowlett/170209_1500_distances_0/000078/FakeWaveform_XENON1T_000078_pax_Fundamentals.root to processed minitree dir
moving /project/lgrandi/jhowlett/170209_1500_distances_0/000078/FakeWaveform_XENON1T_000078_pax.root to pax tree dir
moving /project/lgrandi/jhowlett/170209_1500_distances_0/000078/FakeWaveform_XENON1T_000078_truth.root to truth minitree dir
moving /project/lgrandi/jhowlett/170209_1500_distances_0/000079/FakeWaveform_XENON1T_000079_pax_Basics.root to basics minitree dir
moving /project/lgrandi/jhowlett/170209_1500_distances_0/000079/FakeWaveform_XENON1T_000079_pax_Fundamentals.root to processed minitree dir
moving /project/lgrandi/jhowlett/170209_1500_distances_0/000079/FakeWaveform_XENON1T_000079_pax.root to pax tree dir
moving /project/lgrandi/jhowlett/170209_1500_distances_0/000079/FakeWaveform_XENON1T_000079_truth.root to truth minitree dir
moving /project/lgrandi/jhowlett/170209_1500_distances_0/000080/FakeWaveform_XENON1T_000080_pax_Basics.root to basics minitree dir
moving /project/lgrandi/jhowlett/170209_1500_distances_0/000080/FakeWaveform_XENON1T_000080_pax_Fundamentals.root to processed minitree dir
moving /project/lgrandi/jhowlett/170209_1500_distances_0/000080/FakeWaveform_XENON1T_000080_pax.root to pax tree dir
moving /project/lgrandi/jhowlett/170209_1500_distances_0/000080/FakeWaveform_XENON1T_000080_truth.root to truth minitree dir
moving /project/lgrandi/jhowlett/170209_1500_distances_0/000081/FakeWaveform_XENON1T_000081_pax_Basics.root to basics minitree dir
moving /project/lgrandi/jhowlett/170209_1500_distances_0/000081/FakeWaveform_XENON1T_000081_pax_Fundamentals.root to processed minitree dir
moving /project/lgrandi/jhowlett/170209_1500_distances_0/000081/FakeWaveform_XENON1T_000081_pax.root to pax tree dir
moving /project/lgrandi/jhowlett/170209_1500_distances_0/000081/FakeWaveform_XENON1T_000081_truth.root to truth minitree dir
moving /project/lgrandi/jhowlett/170209_1500_distances_0/000082/FakeWaveform_XENON1T_000082_pax_Basics.root to basics minitree dir
moving /project/lgrandi/jhowlett/170209_1500_distances_0/000082/FakeWaveform_XENON1T_000082_pax_Fundamentals.root to processed minitree dir
moving /project/lgrandi/jhowlett/170209_1500_distances_0/000082/FakeWaveform_XENON1T_000082_pax.root to pax tree dir
moving /project/lgrandi/jhowlett/170209_1500_distances_0/000082/FakeWaveform_XENON1T_000082_truth.root to truth minitree dir
moving /project/lgrandi/jhowlett/170209_1500_distances_0/000083/FakeWaveform_XENON1T_000083_pax_Basics.root to basics minitree dir
moving /project/lgrandi/jhowlett/170209_1500_distances_0/000083/FakeWaveform_XENON1T_000083_pax_Fundamentals.root to processed minitree dir
moving /project/lgrandi/jhowlett/170209_1500_distances_0/000083/FakeWaveform_XENON1T_000083_pax.root to pax tree dir
moving /project/lgrandi/jhowlett/170209_1500_distances_0/000083/FakeWaveform_XENON1T_000083_truth.root to truth minitree dir
moving /project/lgrandi/jhowlett/170209_1500_distances_0/000084/FakeWaveform_XENON1T_000084_pax_Basics.root to basics minitree dir
moving /project/lgrandi/jhowlett/170209_1500_distances_0/000084/FakeWaveform_XENON1T_000084_pax_Fundamentals.root to processed minitree dir
moving /project/lgrandi/jhowlett/170209_1500_distances_0/000084/FakeWaveform_XENON1T_000084_pax.root to pax tree dir
moving /project/lgrandi/jhowlett/170209_1500_distances_0/000084/FakeWaveform_XENON1T_000084_truth.root to truth minitree dir
moving /project/lgrandi/jhowlett/170209_1500_distances_0/000085/FakeWaveform_XENON1T_000085_pax_Basics.root to basics minitree dir
moving /project/lgrandi/jhowlett/170209_1500_distances_0/000085/FakeWaveform_XENON1T_000085_pax_Fundamentals.root to processed minitree dir
moving /project/lgrandi/jhowlett/170209_1500_distances_0/000085/FakeWaveform_XENON1T_000085_pax.root to pax tree dir
moving /project/lgrandi/jhowlett/170209_1500_distances_0/000085/FakeWaveform_XENON1T_000085_truth.root to truth minitree dir
moving /project/lgrandi/jhowlett/170209_1500_distances_0/000086/FakeWaveform_XENON1T_000086_pax_Basics.root to basics minitree dir
moving /project/lgrandi/jhowlett/170209_1500_distances_0/000086/FakeWaveform_XENON1T_000086_pax_Fundamentals.root to processed minitree dir
moving /project/lgrandi/jhowlett/170209_1500_distances_0/000086/FakeWaveform_XENON1T_000086_pax.root to pax tree dir
moving /project/lgrandi/jhowlett/170209_1500_distances_0/000086/FakeWaveform_XENON1T_000086_truth.root to truth minitree dir
moving /project/lgrandi/jhowlett/170209_1500_distances_0/000087/FakeWaveform_XENON1T_000087_pax_Basics.root to basics minitree dir
moving /project/lgrandi/jhowlett/170209_1500_distances_0/000087/FakeWaveform_XENON1T_000087_pax_Fundamentals.root to processed minitree dir
moving /project/lgrandi/jhowlett/170209_1500_distances_0/000087/FakeWaveform_XENON1T_000087_pax.root to pax tree dir
moving /project/lgrandi/jhowlett/170209_1500_distances_0/000087/FakeWaveform_XENON1T_000087_truth.root to truth minitree dir
moving /project/lgrandi/jhowlett/170209_1500_distances_0/000088/FakeWaveform_XENON1T_000088_pax_Basics.root to basics minitree dir
moving /project/lgrandi/jhowlett/170209_1500_distances_0/000088/FakeWaveform_XENON1T_000088_pax_Fundamentals.root to processed minitree dir
moving /project/lgrandi/jhowlett/170209_1500_distances_0/000088/FakeWaveform_XENON1T_000088_pax.root to pax tree dir
moving /project/lgrandi/jhowlett/170209_1500_distances_0/000088/FakeWaveform_XENON1T_000088_truth.root to truth minitree dir
moving /project/lgrandi/jhowlett/170209_1500_distances_0/000089/FakeWaveform_XENON1T_000089_pax_Basics.root to basics minitree dir
moving /project/lgrandi/jhowlett/170209_1500_distances_0/000089/FakeWaveform_XENON1T_000089_pax_Fundamentals.root to processed minitree dir
moving /project/lgrandi/jhowlett/170209_1500_distances_0/000089/FakeWaveform_XENON1T_000089_pax.root to pax tree dir
moving /project/lgrandi/jhowlett/170209_1500_distances_0/000089/FakeWaveform_XENON1T_000089_truth.root to truth minitree dir
moving /project/lgrandi/jhowlett/170209_1500_distances_0/000090/FakeWaveform_XENON1T_000090_pax_Basics.root to basics minitree dir
moving /project/lgrandi/jhowlett/170209_1500_distances_0/000090/FakeWaveform_XENON1T_000090_pax_Fundamentals.root to processed minitree dir
moving /project/lgrandi/jhowlett/170209_1500_distances_0/000090/FakeWaveform_XENON1T_000090_pax.root to pax tree dir
moving /project/lgrandi/jhowlett/170209_1500_distances_0/000090/FakeWaveform_XENON1T_000090_truth.root to truth minitree dir
moving /project/lgrandi/jhowlett/170209_1500_distances_0/000091/FakeWaveform_XENON1T_000091_pax_Basics.root to basics minitree dir
moving /project/lgrandi/jhowlett/170209_1500_distances_0/000091/FakeWaveform_XENON1T_000091_pax_Fundamentals.root to processed minitree dir
moving /project/lgrandi/jhowlett/170209_1500_distances_0/000091/FakeWaveform_XENON1T_000091_pax.root to pax tree dir
moving /project/lgrandi/jhowlett/170209_1500_distances_0/000091/FakeWaveform_XENON1T_000091_truth.root to truth minitree dir
moving /project/lgrandi/jhowlett/170209_1500_distances_0/000092/FakeWaveform_XENON1T_000092_pax_Basics.root to basics minitree dir
moving /project/lgrandi/jhowlett/170209_1500_distances_0/000092/FakeWaveform_XENON1T_000092_pax_Fundamentals.root to processed minitree dir
moving /project/lgrandi/jhowlett/170209_1500_distances_0/000092/FakeWaveform_XENON1T_000092_pax.root to pax tree dir
moving /project/lgrandi/jhowlett/170209_1500_distances_0/000092/FakeWaveform_XENON1T_000092_truth.root to truth minitree dir
moving /project/lgrandi/jhowlett/170209_1500_distances_0/000093/FakeWaveform_XENON1T_000093_pax_Basics.root to basics minitree dir
moving /project/lgrandi/jhowlett/170209_1500_distances_0/000093/FakeWaveform_XENON1T_000093_pax_Fundamentals.root to processed minitree dir
moving /project/lgrandi/jhowlett/170209_1500_distances_0/000093/FakeWaveform_XENON1T_000093_pax.root to pax tree dir
moving /project/lgrandi/jhowlett/170209_1500_distances_0/000093/FakeWaveform_XENON1T_000093_truth.root to truth minitree dir
moving /project/lgrandi/jhowlett/170209_1500_distances_0/000094/FakeWaveform_XENON1T_000094_pax_Basics.root to basics minitree dir
moving /project/lgrandi/jhowlett/170209_1500_distances_0/000094/FakeWaveform_XENON1T_000094_pax_Fundamentals.root to processed minitree dir
moving /project/lgrandi/jhowlett/170209_1500_distances_0/000094/FakeWaveform_XENON1T_000094_pax.root to pax tree dir
moving /project/lgrandi/jhowlett/170209_1500_distances_0/000094/FakeWaveform_XENON1T_000094_truth.root to truth minitree dir
moving /project/lgrandi/jhowlett/170209_1500_distances_0/000095/FakeWaveform_XENON1T_000095_pax_Basics.root to basics minitree dir
moving /project/lgrandi/jhowlett/170209_1500_distances_0/000095/FakeWaveform_XENON1T_000095_pax_Fundamentals.root to processed minitree dir
moving /project/lgrandi/jhowlett/170209_1500_distances_0/000095/FakeWaveform_XENON1T_000095_pax.root to pax tree dir
moving /project/lgrandi/jhowlett/170209_1500_distances_0/000095/FakeWaveform_XENON1T_000095_truth.root to truth minitree dir
moving /project/lgrandi/jhowlett/170209_1500_distances_0/000096/FakeWaveform_XENON1T_000096_pax_Basics.root to basics minitree dir
moving /project/lgrandi/jhowlett/170209_1500_distances_0/000096/FakeWaveform_XENON1T_000096_pax_Fundamentals.root to processed minitree dir
moving /project/lgrandi/jhowlett/170209_1500_distances_0/000096/FakeWaveform_XENON1T_000096_pax.root to pax tree dir
moving /project/lgrandi/jhowlett/170209_1500_distances_0/000096/FakeWaveform_XENON1T_000096_truth.root to truth minitree dir
moving /project/lgrandi/jhowlett/170209_1500_distances_0/000097/FakeWaveform_XENON1T_000097_pax_Basics.root to basics minitree dir
moving /project/lgrandi/jhowlett/170209_1500_distances_0/000097/FakeWaveform_XENON1T_000097_pax_Fundamentals.root to processed minitree dir
moving /project/lgrandi/jhowlett/170209_1500_distances_0/000097/FakeWaveform_XENON1T_000097_pax.root to pax tree dir
moving /project/lgrandi/jhowlett/170209_1500_distances_0/000097/FakeWaveform_XENON1T_000097_truth.root to truth minitree dir
moving /project/lgrandi/jhowlett/170209_1500_distances_0/000098/FakeWaveform_XENON1T_000098_pax_Basics.root to basics minitree dir
moving /project/lgrandi/jhowlett/170209_1500_distances_0/000098/FakeWaveform_XENON1T_000098_pax_Fundamentals.root to processed minitree dir
moving /project/lgrandi/jhowlett/170209_1500_distances_0/000098/FakeWaveform_XENON1T_000098_pax.root to pax tree dir
moving /project/lgrandi/jhowlett/170209_1500_distances_0/000098/FakeWaveform_XENON1T_000098_truth.root to truth minitree dir
moving /project/lgrandi/jhowlett/170209_1500_distances_0/000099/FakeWaveform_XENON1T_000099_pax_Basics.root to basics minitree dir
moving /project/lgrandi/jhowlett/170209_1500_distances_0/000099/FakeWaveform_XENON1T_000099_pax_Fundamentals.root to processed minitree dir
moving /project/lgrandi/jhowlett/170209_1500_distances_0/000099/FakeWaveform_XENON1T_000099_pax.root to pax tree dir
moving /project/lgrandi/jhowlett/170209_1500_distances_0/000099/FakeWaveform_XENON1T_000099_truth.root to truth minitree dir
